<?xml version="1.0" encoding="UTF-8"?>
<testsuite name="Scenario: eaten many cukes and wait 2 hr" tests="4" skipped="0" failures="0" errors="0" timestamp="2021-12-16T20:26:43" hostname="HP-LAPTOP-HOME" time="0.001">
  <properties/>
  <testcase name="Given I have eaten 15 cukes" classname="Scenario: eaten many cukes and wait 2 hr" time="0.001"/>
  <testcase name="When I wait 2 hour" classname="Scenario: eaten many cukes and wait 2 hr" time="0.0"/>
  <testcase name="Then my Belly should growl" classname="Scenario: eaten many cukes and wait 2 hr" time="0.0"/>
  <testcase name="classMethod" classname="Scenario: eaten many cukes and wait 2 hr" time="0.001"/>
  <system-out><![CDATA[I'm eating 15 cukes!
I ate 15 cucumbers.
]]></system-out>
  <system-err><![CDATA[]]></system-err>
</testsuite>
